<?xml version="1.0" encoding="utf-8"?><testsuites><testsuite name="pytest" errors="0" failures="0" skipped="0" tests="3" time="0.284" timestamp="2025-02-24T05:05:06.180690+05:30" hostname="Narenders-MacBook-Air.local"><testcase classname="kanon.tests.did.test_registrar.TestKanonDIDRegistrar" name="test_registers_did" file="kanon/tests/did/test_registrar.py" line="65" time="0.094" /><testcase classname="kanon.tests.did.test_registrar.TestKanonDIDRegistrar" name="test_throws_on_missing_key_types" file="kanon/tests/did/test_registrar.py" line="99" time="0.072" /><testcase classname="kanon.tests.did.test_registrar.TestKanonDIDRegistrar" name="test_throws_on_missing_wallet" file="kanon/tests/did/test_registrar.py" line="105" time="0.039" /></testsuite></testsuites>